This file contains any messages produced by compilers while
running configure, to aid debugging if configure makes a mistake.

It was created by emhf configure 0.2, which was
generated by GNU Autoconf 2.68.  Invocation command line was

  $ ./configure --with-approot=hypapps/quiesce --disable-drt --disable-dmap --no-create --no-recursion

## --------- ##
## Platform. ##
## --------- ##

hostname = ubuntu
uname -m = i686
uname -r = 3.2.0-67-generic
uname -s = Linux
uname -v = #101-Ubuntu SMP Tue Jul 15 17:45:51 UTC 2014

/usr/bin/uname -p = unknown
/bin/uname -X     = unknown

/bin/arch              = unknown
/usr/bin/arch -k       = unknown
/usr/convex/getsysinfo = unknown
/usr/bin/hostinfo      = unknown
/bin/machine           = unknown
/usr/bin/oslevel       = unknown
/bin/universe          = unknown

PATH: /usr/local/sbin
PATH: /usr/local/bin
PATH: /usr/sbin
PATH: /usr/bin
PATH: /sbin
PATH: /bin


## ----------- ##
## Core tests. ##
## ----------- ##

configure:1768: checking for a BSD-compatible install
configure:1836: result: /usr/bin/install -c
configure:1857: checking for gcc
configure:1884: result: gcc
configure:1894: checking for as
configure:1921: result: as
configure:1931: checking for ld
configure:1958: result: ld
configure:1968: checking for objdump
configure:1995: result: objdump
configure:2005: checking for objcopy
configure:2032: result: objcopy
configure:2042: checking for strip
configure:2069: result: strip
configure:2079: checking for rm
configure:2106: result: rm -f
configure:2116: checking for cp
configure:2143: result: cp
configure:2153: checking for tar
configure:2180: result: tar
configure:2190: checking for sed
configure:2217: result: sed
configure:2227: checking for mkdir
configure:2254: result: mkdir
configure:2264: checking for cat
configure:2291: result: cat
configure:2421: checking for ./xmhf/src/libbaremetal/libxmhfc
configure:2435: result: yes
configure:2459: checking for ./xmhf/third-party/libtommath/tommath.h
configure:2473: result: yes
configure:2497: checking for ./xmhf/third-party/libtomcrypt/src/headers/tomcrypt.h
configure:2511: result: yes
configure:2744: creating ./config.status

## ---------------- ##
## Cache variables. ##
## ---------------- ##

ac_cv_env_build_alias_set=
ac_cv_env_build_alias_value=
ac_cv_env_host_alias_set=
ac_cv_env_host_alias_value=
ac_cv_env_target_alias_set=
ac_cv_env_target_alias_value=
ac_cv_file___xmhf_src_libbaremetal_libxmhfc=yes
ac_cv_file___xmhf_third_party_libtomcrypt_src_headers_tomcrypt_h=yes
ac_cv_file___xmhf_third_party_libtommath_tommath_h=yes
ac_cv_path_install='/usr/bin/install -c'
ac_cv_prog_AS=as
ac_cv_prog_CAT=cat
ac_cv_prog_CC=gcc
ac_cv_prog_CP=cp
ac_cv_prog_LD=ld
ac_cv_prog_MKDIR=mkdir
ac_cv_prog_OBJCOPY=objcopy
ac_cv_prog_OBJDUMP=objdump
ac_cv_prog_RM='rm -f'
ac_cv_prog_SED=sed
ac_cv_prog_STRIP=strip
ac_cv_prog_TAR=tar

## ----------------- ##
## Output variables. ##
## ----------------- ##

APP_ROOT='hypapps/quiesce'
AS='as'
CAT='cat'
CC='gcc'
CCLIB='/usr/lib/gcc/i686-linux-gnu/4.6/'
CMOCKDIR='./tools/cmock'
CP='cp'
DEBUG_SERIAL='y'
DEBUG_SERIAL_PORT='0x3f8'
DEBUG_VGA='n'
DEFS='-DPACKAGE_NAME=\"emhf\" -DPACKAGE_TARNAME=\"emhf\" -DPACKAGE_VERSION=\"0.2\" -DPACKAGE_STRING=\"emhf\ 0.2\" -DPACKAGE_BUGREPORT=\"\" -DPACKAGE_URL=\"\"'
DMAP='n'
DRT='n'
ECHO_C=''
ECHO_N='-n'
ECHO_T=''
EMHFCOREDIR='./emhfcore/x86'
INSTALL_DATA='${INSTALL} -m 644'
INSTALL_PROGRAM='${INSTALL}'
INSTALL_SCRIPT='${INSTALL}'
LD='ld'
LIBBAREMETAL_SRC='./xmhf/src/libbaremetal'
LIBOBJS=''
LIBS=''
LIBTOMCRYPT_SRC='./xmhf/third-party/libtomcrypt'
LIBTOMMATH_SRC='./xmhf/third-party/libtommath'
LTLIBOBJS=''
MKDIR='mkdir'
MP_VERSION='y'
OBJCOPY='objcopy'
OBJDUMP='objdump'
PACKAGE_BUGREPORT=''
PACKAGE_NAME='emhf'
PACKAGE_STRING='emhf 0.2'
PACKAGE_TARNAME='emhf'
PACKAGE_URL=''
PACKAGE_VERSION='0.2'
PATH_SEPARATOR=':'
RM='rm -f'
SED='sed'
SHELL='/bin/bash'
STRIP='strip'
TAR='tar'
TARGET_ARCH='x86-vmx'
TARGET_PLATFORM='x86-pc'
UNITYDIR='./tools/cmock/vendor/unity'
bindir='${exec_prefix}/bin'
build_alias=''
datadir='${datarootdir}'
datarootdir='${prefix}/share'
docdir='${datarootdir}/doc/${PACKAGE_TARNAME}'
dvidir='${docdir}'
exec_prefix='${prefix}'
host_alias=''
htmldir='${docdir}'
includedir='${prefix}/include'
infodir='${datarootdir}/info'
libdir='${exec_prefix}/lib'
libexecdir='${exec_prefix}/libexec'
localedir='${datarootdir}/locale'
localstatedir='${prefix}/var'
mandir='${datarootdir}/man'
oldincludedir='/usr/include'
pdfdir='${docdir}'
pkgconfigdir='${libdir}/pkgconfig'
pkgdatadir='${datadir}/emhf'
pkgincludedir='${includedir}/emhf'
prefix='/usr/local'
program_transform_name='s,x,x,'
psdir='${docdir}'
sbindir='${exec_prefix}/sbin'
sharedstatedir='${prefix}/com'
sysconfdir='${prefix}/etc'
target_alias=''

## ----------- ##
## confdefs.h. ##
## ----------- ##

/* confdefs.h */
#define PACKAGE_NAME "emhf"
#define PACKAGE_TARNAME "emhf"
#define PACKAGE_VERSION "0.2"
#define PACKAGE_STRING "emhf 0.2"
#define PACKAGE_BUGREPORT ""
#define PACKAGE_URL ""

configure: exit 0

## ---------------------- ##
## Running config.status. ##
## ---------------------- ##

This file was extended by emhf config.status 0.2, which was
generated by GNU Autoconf 2.68.  Invocation command line was

  CONFIG_FILES    = 
  CONFIG_HEADERS  = 
  CONFIG_LINKS    = 
  CONFIG_COMMANDS = 
  $ ./config.status Makefile

on ubuntu

config.status:759: creating Makefile

## ---------------------- ##
## Running config.status. ##
## ---------------------- ##

This file was extended by emhf config.status 0.2, which was
generated by GNU Autoconf 2.68.  Invocation command line was

  CONFIG_FILES    = 
  CONFIG_HEADERS  = 
  CONFIG_LINKS    = 
  CONFIG_COMMANDS = 
  $ ./config.status Makefile

on ubuntu

config.status:759: creating Makefile
